<?xml version="1.0" encoding="UTF-8"?>
<testng-results ignored="7" total="8" passed="1" failed="0" skipped="0">
  <reporter-output>
  </reporter-output>
  <suite started-at="2021-10-20T17:57:39 IST" name="Default suite" finished-at="2021-10-20T17:57:46 IST" duration-ms="6414">
    <groups>
    </groups>
    <test started-at="2021-10-20T17:57:39 IST" name="Default test" finished-at="2021-10-20T17:57:46 IST" duration-ms="6414">
      <class name="UpdateDepositePayment">
        <test-method signature="testInvalidNonce()[pri:0, instance:UpdateDepositePayment@57af006c]" started-at="2021-10-20T17:57:39 IST" name="testInvalidNonce" finished-at="2021-10-20T17:57:46 IST" duration-ms="6388" status="PASS">
          <reporter-output>
          </reporter-output>
        </test-method> <!-- testInvalidNonce -->
      </class> <!-- UpdateDepositePayment -->
    </test> <!-- Default test -->
  </suite> <!-- Default suite -->
</testng-results>
