<?xml version="1.0" encoding="UTF-8"?>
<!-- Generated by org.testng.reporters.JUnitXMLReporter -->
<testsuite ignored="7" hostname="DESKTOP-C4SQFUO" failures="0" tests="1" name="Default test" time="6.414" errors="0" timestamp="2021-10-20T17:57:46 IST">
  <testcase classname="UpdateDepositePayment" name="testInvalidNonce" time="6.388"/>
  <testcase classname="UpdateDepositePayment" name="testInvalidgivenName" time="0.0">
    <ignored/>
  </testcase> <!-- testInvalidgivenName -->
  <testcase classname="UpdateDepositePayment" name="testInvalidFamilyName" time="0.0">
    <ignored/>
  </testcase> <!-- testInvalidFamilyName -->
  <testcase classname="UpdateDepositePayment" name="testHappyPath" time="0.0">
    <ignored/>
  </testcase> <!-- testHappyPath -->
  <testcase classname="UpdateDepositePayment" name="testticketslab" time="0.0">
    <ignored/>
  </testcase> <!-- testticketslab -->
  <testcase classname="UpdateDepositePayment" name="testeventExist" time="0.0">
    <ignored/>
  </testcase> <!-- testeventExist -->
  <testcase classname="UpdateDepositePayment" name="testInvalidQuantity" time="0.0">
    <ignored/>
  </testcase> <!-- testInvalidQuantity -->
  <testcase classname="UpdateDepositePayment" name="testInvalidEmail" time="0.0">
    <ignored/>
  </testcase> <!-- testInvalidEmail -->
</testsuite> <!-- Default test -->
